[1,0]<stdout>:# nThread 8 nGpus 1 minBytes 1024 maxBytes 1073741824 step: 2(factor) warmup iters: 5 iters: 10 agg iters: 1 validation: 1 graph: 0
[1,0]<stdout>:#
[1,0]<stdout>:# Using devices
[1,0]<stdout>:#  Rank  0 Group  0 Pid 2215593 on ip-172-31-44-101 device  0 [0x10] NVIDIA A100-SXM4-40GB
[1,0]<stdout>:#  Rank  1 Group  0 Pid 2215593 on ip-172-31-44-101 device  1 [0x10] NVIDIA A100-SXM4-40GB
[1,0]<stdout>:#  Rank  2 Group  0 Pid 2215593 on ip-172-31-44-101 device  2 [0x20] NVIDIA A100-SXM4-40GB
[1,0]<stdout>:#  Rank  3 Group  0 Pid 2215593 on ip-172-31-44-101 device  3 [0x20] NVIDIA A100-SXM4-40GB
[1,0]<stdout>:#  Rank  4 Group  0 Pid 2215593 on ip-172-31-44-101 device  4 [0x90] NVIDIA A100-SXM4-40GB
[1,0]<stdout>:#  Rank  5 Group  0 Pid 2215593 on ip-172-31-44-101 device  5 [0x90] NVIDIA A100-SXM4-40GB
[1,0]<stdout>:#  Rank  6 Group  0 Pid 2215593 on ip-172-31-44-101 device  6 [0xa0] NVIDIA A100-SXM4-40GB
[1,0]<stdout>:#  Rank  7 Group  0 Pid 2215593 on ip-172-31-44-101 device  7 [0xa0] NVIDIA A100-SXM4-40GB
[1,0]<stdout>:#
[1,0]<stdout>:#                                                              out-of-place                       in-place          
[1,0]<stdout>:#       size         count      type   redop    root     time   algbw   busbw #wrong     time   algbw   busbw #wrong
[1,0]<stdout>:#        (B)    (elements)                               (us)  (GB/s)  (GB/s)            (us)  (GB/s)  (GB/s)       
[1,0]<stdout>:        1024           256     float     sum      -1    226.7    0.00    0.01      0    223.1    0.00    0.01      0
[1,0]<stdout>:        2048           512     float     sum      -1    227.0    0.01    0.02      0    226.3    0.01    0.02      0
[1,0]<stdout>:        4096          1024     float     sum      -1    234.7    0.02    0.03      0    236.4    0.02    0.03      0
[1,0]<stdout>:        8192          2048     float     sum      -1    247.9    0.03    0.06      0    248.7    0.03    0.06      0
[1,0]<stdout>:       16384          4096     float     sum      -1    302.5    0.05    0.09      0    299.9    0.05    0.10      0
[1,0]<stdout>:       32768          8192     float     sum      -1    375.8    0.09    0.15      0    376.5    0.09    0.15      0
[1,0]<stdout>:       65536         16384     float     sum      -1    387.3    0.17    0.30      0    383.5    0.17    0.30      0
[1,0]<stdout>:      131072         32768     float     sum      -1    419.1    0.31    0.55      0    406.2    0.32    0.56      0
[1,0]<stdout>:      262144         65536     float     sum      -1    565.6    0.46    0.81      0    570.4    0.46    0.80      0
[1,0]<stdout>:      524288        131072     float     sum      -1    847.3    0.62    1.08      0    848.9    0.62    1.08      0
[1,0]<stdout>:     1048576        262144     float     sum      -1   1047.4    1.00    1.75      0   1037.9    1.01    1.77      0
[1,0]<stdout>:     2097152        524288     float     sum      -1   1368.3    1.53    2.68      0   1359.9    1.54    2.70      0
[1,0]<stdout>:     4194304       1048576     float     sum      -1   2052.4    2.04    3.58      0   2035.4    2.06    3.61      0
[1,0]<stdout>:     8388608       2097152     float     sum      -1   3223.8    2.60    4.55      0   3254.6    2.58    4.51      0
[1,0]<stdout>:    16777216       4194304     float     sum      -1   5912.9    2.84    4.97      0   5887.4    2.85    4.99      0
[1,0]<stdout>:    33554432       8388608     float     sum      -1    12441    2.70    4.72      0    11816    2.84    4.97      0
[1,0]<stdout>:    67108864      16777216     float     sum      -1    24278    2.76    4.84      0    24226    2.77    4.85      0
[1,0]<stdout>:   134217728      33554432     float     sum      -1    49363    2.72    4.76      0    48649    2.76    4.83      0
[1,0]<stdout>:   268435456      67108864     float     sum      -1    96245    2.79    4.88      0    96766    2.77    4.85      0
[1,0]<stdout>:   536870912     134217728     float     sum      -1   194913    2.75    4.82      0   194148    2.77    4.84      0
[1,0]<stdout>:  1073741824     268435456     float     sum      -1   384350    2.79    4.89      0   384605    2.79    4.89      0
[1,0]<stdout>:# Out of bounds values : 0 OK
[1,0]<stdout>:# Avg bus bandwidth    : 2.36751 
[1,0]<stdout>:#
[1,0]<stdout>:
