[1,0]<stdout>:# nThread 8 nGpus 1 minBytes 1024 maxBytes 1073741824 step: 2(factor) warmup iters: 5 iters: 10 agg iters: 1 validation: 1 graph: 0
[1,0]<stdout>:#
[1,0]<stdout>:# Using devices
[1,0]<stdout>:#  Rank  0 Group  0 Pid 2092274 on ip-172-31-44-101 device  0 [0x10] NVIDIA A100-SXM4-40GB
[1,0]<stdout>:#  Rank  1 Group  0 Pid 2092274 on ip-172-31-44-101 device  1 [0x10] NVIDIA A100-SXM4-40GB
[1,0]<stdout>:#  Rank  2 Group  0 Pid 2092274 on ip-172-31-44-101 device  2 [0x20] NVIDIA A100-SXM4-40GB
[1,0]<stdout>:#  Rank  3 Group  0 Pid 2092274 on ip-172-31-44-101 device  3 [0x20] NVIDIA A100-SXM4-40GB
[1,0]<stdout>:#  Rank  4 Group  0 Pid 2092274 on ip-172-31-44-101 device  4 [0x90] NVIDIA A100-SXM4-40GB
[1,0]<stdout>:#  Rank  5 Group  0 Pid 2092274 on ip-172-31-44-101 device  5 [0x90] NVIDIA A100-SXM4-40GB
[1,0]<stdout>:#  Rank  6 Group  0 Pid 2092274 on ip-172-31-44-101 device  6 [0xa0] NVIDIA A100-SXM4-40GB
[1,0]<stdout>:#  Rank  7 Group  0 Pid 2092274 on ip-172-31-44-101 device  7 [0xa0] NVIDIA A100-SXM4-40GB
[1,0]<stdout>:#
[1,0]<stdout>:#                                                              out-of-place                       in-place          
[1,0]<stdout>:#       size         count      type   redop    root     time   algbw   busbw #wrong     time   algbw   busbw #wrong
[1,0]<stdout>:#        (B)    (elements)                               (us)  (GB/s)  (GB/s)            (us)  (GB/s)  (GB/s)       
[1,0]<stdout>:        1024           256     float     sum      -1    188.6    0.01    0.01   2048    183.6    0.01    0.01   2048
[1,0]<stdout>:        2048           512     float     sum      -1    187.5    0.01    0.02   4096    187.4    0.01    0.02   4096
[1,0]<stdout>:        4096          1024     float     sum      -1    194.4    0.02    0.04   8192    190.5    0.02    0.04   8192
[1,0]<stdout>:        8192          2048     float     sum      -1    203.8    0.04    0.07  16384    202.2    0.04    0.07  16384
[1,0]<stdout>:       16384          4096     float     sum      -1    229.2    0.07    0.13  32768    226.2    0.07    0.13  32768
[1,0]<stdout>:       32768          8192     float     sum      -1    274.4    0.12    0.21  65536    273.1    0.12    0.21  65536
[1,0]<stdout>:       65536         16384     float     sum      -1    285.3    0.23    0.40  131072    284.1    0.23    0.40  131072
[1,0]<stdout>:      131072         32768     float     sum      -1    306.9    0.43    0.75  262144    304.4    0.43    0.75  262144
[1,0]<stdout>:      262144         65536     float     sum      -1    405.0    0.65    1.13  524288    462.8    0.57    0.99  524288
[1,0]<stdout>:      524288        131072     float     sum      -1    588.9    0.89    1.56  1.04858e+06    577.1    0.91    1.59  1.04858e+06
[1,0]<stdout>:     1048576        262144     float     sum      -1    702.5    1.49    2.61  2.09715e+06    711.4    1.47    2.58  2.09715e+06
[1,0]<stdout>:     2097152        524288     float     sum      -1    993.9    2.11    3.69  4.1943e+06    986.6    2.13    3.72  4.1943e+06
[1,0]<stdout>:     4194304       1048576     float     sum      -1   1774.8    2.36    4.14  8.3886e+06   1752.9    2.39    4.19  8.38861e+06
[1,0]<stdout>:     8388608       2097152     float     sum      -1   3087.0    2.72    4.76  1.67772e+07   3054.1    2.75    4.81  1.67772e+07
[1,0]<stdout>:    16777216       4194304     float     sum      -1   5938.0    2.83    4.94  3.35544e+07   5922.6    2.83    4.96  3.35544e+07
[1,0]<stdout>:    33554432       8388608     float     sum      -1    12509    2.68    4.69  6.71089e+07    13011    2.58    4.51  6.71089e+07
[1,0]<stdout>:    67108864      16777216     float     sum      -1    24754    2.71    4.74  1.34218e+08    24776    2.71    4.74  1.34218e+08
[1,0]<stdout>:   134217728      33554432     float     sum      -1    49355    2.72    4.76  2.68435e+08    49137    2.73    4.78  2.68435e+08
[1,0]<stdout>:   268435456      67108864     float     sum      -1    99040    2.71    4.74  5.36871e+08    98702    2.72    4.76  5.36871e+08
[1,0]<stdout>:   536870912     134217728     float     sum      -1   197098    2.72    4.77  1.07374e+09   196117    2.74    4.79  1.07374e+09
[1,0]<stdout>:  1073741824     268435456     float     sum      -1   384087    2.80    4.89  2.14748e+09   384328    2.79    4.89  2.14748e+09
[1,0]<stdout>:# Out of bounds values : 336 FAILED
[1,0]<stdout>:# Avg bus bandwidth    : 2.52347 
[1,0]<stdout>:#
[1,0]<stdout>:
--------------------------------------------------------------------------
Primary job  terminated normally, but 1 process returned
a non-zero exit code. Per user-direction, the job has been aborted.
--------------------------------------------------------------------------
--------------------------------------------------------------------------
mpirun detected that one or more processes exited with non-zero status, thus causing
the job to be terminated. The first process to do so was:

  Process name: [[499,1],0]
  Exit code:    1
--------------------------------------------------------------------------
