[1,0]<stdout>:# nThread 8 nGpus 1 minBytes 1024 maxBytes 1073741824 step: 2(factor) warmup iters: 5 iters: 10 agg iters: 1 validation: 1 graph: 0
[1,0]<stdout>:#
[1,0]<stdout>:# Using devices
[1,0]<stdout>:#  Rank  0 Group  0 Pid 2241674 on ip-172-31-44-101 device  0 [0x10] NVIDIA A100-SXM4-40GB
[1,0]<stdout>:#  Rank  1 Group  0 Pid 2241674 on ip-172-31-44-101 device  1 [0x10] NVIDIA A100-SXM4-40GB
[1,0]<stdout>:#  Rank  2 Group  0 Pid 2241674 on ip-172-31-44-101 device  2 [0x20] NVIDIA A100-SXM4-40GB
[1,0]<stdout>:#  Rank  3 Group  0 Pid 2241674 on ip-172-31-44-101 device  3 [0x20] NVIDIA A100-SXM4-40GB
[1,0]<stdout>:#  Rank  4 Group  0 Pid 2241674 on ip-172-31-44-101 device  4 [0x90] NVIDIA A100-SXM4-40GB
[1,0]<stdout>:#  Rank  5 Group  0 Pid 2241674 on ip-172-31-44-101 device  5 [0x90] NVIDIA A100-SXM4-40GB
[1,0]<stdout>:#  Rank  6 Group  0 Pid 2241674 on ip-172-31-44-101 device  6 [0xa0] NVIDIA A100-SXM4-40GB
[1,0]<stdout>:#  Rank  7 Group  0 Pid 2241674 on ip-172-31-44-101 device  7 [0xa0] NVIDIA A100-SXM4-40GB
[1,0]<stdout>:#
[1,0]<stdout>:#                                                              out-of-place                       in-place          
[1,0]<stdout>:#       size         count      type   redop    root     time   algbw   busbw #wrong     time   algbw   busbw #wrong
[1,0]<stdout>:#        (B)    (elements)                               (us)  (GB/s)  (GB/s)            (us)  (GB/s)  (GB/s)       
[1,0]<stdout>:        1024            32     float    none      -1    62.78    0.02    0.01   1792    62.21    0.02    0.01    N/A
[1,0]<stdout>:        2048            64     float    none      -1    60.72    0.03    0.03   3584    60.88    0.03    0.03    N/A
[1,0]<stdout>:        4096           128     float    none      -1    63.23    0.06    0.06   7168    60.08    0.07    0.06    N/A
[1,0]<stdout>:        8192           256     float    none      -1    62.28    0.13    0.12  14336    61.37    0.13    0.12    N/A
[1,0]<stdout>:       16384           512     float    none      -1    61.11    0.27    0.23  28672    60.83    0.27    0.24    N/A
[1,0]<stdout>:       32768          1024     float    none      -1    62.04    0.53    0.46  57344    62.18    0.53    0.46    N/A
[1,0]<stdout>:       65536          2048     float    none      -1    64.54    1.02    0.89  114688    64.50    1.02    0.89    N/A
[1,0]<stdout>:      131072          4096     float    none      -1    79.57    1.65    1.44  229376    79.48    1.65    1.44    N/A
[1,0]<stdout>:      262144          8192     float    none      -1    109.2    2.40    2.10  458752    108.3    2.42    2.12    N/A
[1,0]<stdout>:      524288         16384     float    none      -1    158.0    3.32    2.90  917504    163.1    3.21    2.81    N/A
[1,0]<stdout>:     1048576         32768     float    none      -1    248.2    4.22    3.70  1.83501e+06    251.0    4.18    3.66    N/A
[1,0]<stdout>:     2097152         65536     float    none      -1    430.7    4.87    4.26  3.67002e+06    433.7    4.84    4.23    N/A
[1,0]<stdout>:     4194304        131072     float    none      -1    766.5    5.47    4.79  7.34003e+06    784.8    5.34    4.68    N/A
[1,0]<stdout>:     8388608        262144     float    none      -1   1413.5    5.93    5.19  1.46801e+07   1415.5    5.93    5.19    N/A
[1,0]<stdout>:    16777216        524288     float    none      -1   2657.1    6.31    5.52  2.93601e+07   2681.4    6.26    5.47    N/A
[1,0]<stdout>:    33554432       1048576     float    none      -1   5207.0    6.44    5.64  5.87203e+07   5189.2    6.47    5.66    N/A
[1,0]<stdout>:    67108864       2097152     float    none      -1    10250    6.55    5.73  1.17441e+08    10290    6.52    5.71    N/A
[1,0]<stdout>:   134217728       4194304     float    none      -1    20428    6.57    5.75  2.34881e+08    20285    6.62    5.79    N/A
[1,0]<stdout>:   268435456       8388608     float    none      -1    40679    6.60    5.77  4.69762e+08    40492    6.63    5.80    N/A
[1,0]<stdout>:   536870912      16777216     float    none      -1    81578    6.58    5.76  9.39524e+08    80743    6.65    5.82    N/A
[1,0]<stdout>:  1073741824      33554432     float    none      -1   161458    6.65    5.82  1.87905e+09   161363    6.65    5.82    N/A
[1,0]<stdout>:# Out of bounds values : 168 FAILED
[1,0]<stdout>:# Avg bus bandwidth    : 3.14702 
[1,0]<stdout>:#
[1,0]<stdout>:
